{
  "stats": {
    "suites": 1,
    "tests": 1,
    "passes": 1,
    "pending": 0,
    "failures": 0,
    "start": "2022-12-07T02:42:58.807Z",
    "end": "2022-12-07T02:43:10.434Z",
    "duration": 11627,
    "testsRegistered": 1,
    "passPercent": 100,
    "pendingPercent": 0,
    "other": 0,
    "hasOther": false,
    "skipped": 0,
    "hasSkipped": false
  },
  "results": [
    {
      "uuid": "f31067ae-eb00-4bfe-be36-e81a1c32c642",
      "title": "",
      "fullFile": "cypress/e2e/test/addToCart.cy.js",
      "file": "cypress/e2e/test/addToCart.cy.js",
      "beforeHooks": [],
      "afterHooks": [],
      "tests": [],
      "suites": [
        {
          "uuid": "4d423501-8faf-4419-a474-754a44a7e263",
          "title": "Adding an item to cart",
          "fullFile": "",
          "file": "",
          "beforeHooks": [],
          "afterHooks": [],
          "tests": [
            {
              "title": "should add Sauce Labs Bolt T-shirt item to cart",
              "fullTitle": "Adding an item to cart should add Sauce Labs Bolt T-shirt item to cart",
              "timedOut": null,
              "duration": 11282,
              "state": "passed",
              "speed": "slow",
              "pass": true,
              "fail": false,
              "pending": false,
              "context": null,
              "code": "_login.default.login('standard_user', 'secret_sauce');\ncy.get(_login.default.itemNames).should('be.visible');\n_addToCart.default.addCart();\ncy.get(_addToCart.default.cartNumber).should('have.text', 1);\ncy.get(_addToCart.default.removeSauceLabBoltButton).should('be.visible');\ncy.get(_addToCart.default.cartItemName).should('have.text', 'Sauce Labs Bolt T-Shirt');\n_Checkout.default.Checkout('Rughey', 'Gilzeane', '123456');\ncy.get(_Checkout.default.itemDescriptionName).should('have.text', 'Sauce Labs Bolt T-Shirt');\ncy.get(_Checkout.default.itemPrice).should('have.text', '$15.99');\n_Checkout.default.completeCheckOut();\ncy.get(_Checkout.default.completeMessage).should('have.text', 'Checkout: Complete!');\ncy.get(_Checkout.default.thankYouMessage).should('have.text', 'THANK YOU FOR YOUR ORDER');\ncy.get(_Checkout.default.backHomeButton).should('be.visible');\ncy.get(_Checkout.default.backHomeButton).click();\ncy.url().should('contain', 'inventory');\n_addToCart.default.navigateToCart();\ncy.get(_addToCart.default.cartItemName).should('not.exist');",
              "err": {},
              "uuid": "fd13cbc1-8f65-4f57-a8be-385f8557282a",
              "parentUUID": "4d423501-8faf-4419-a474-754a44a7e263",
              "isHook": false,
              "skipped": false
            }
          ],
          "suites": [],
          "passes": [
            "fd13cbc1-8f65-4f57-a8be-385f8557282a"
          ],
          "failures": [],
          "pending": [],
          "skipped": [],
          "duration": 11282,
          "root": false,
          "rootEmpty": false,
          "_timeout": 2000
        }
      ],
      "passes": [],
      "failures": [],
      "pending": [],
      "skipped": [],
      "duration": 0,
      "root": true,
      "rootEmpty": true,
      "_timeout": 2000
    }
  ],
  "meta": {
    "mocha": {
      "version": "7.0.1"
    },
    "mochawesome": {
      "options": {
        "quiet": false,
        "reportFilename": "mochawesome",
        "saveHtml": false,
        "saveJson": true,
        "consoleReporter": "spec",
        "useInlineDiffs": false,
        "code": true
      },
      "version": "7.1.3"
    },
    "marge": {
      "options": {
        "reportDir": "cypress/reports",
        "overwrite": false,
        "html": false,
        "json": true
      },
      "version": "6.2.0"
    }
  }
}